<?xml version="1.0" encoding="UTF-8"?>
<testsuite name="gui.ProductEditorDialogTest" tests="1" skipped="0" failures="0" errors="0" timestamp="2020-08-25T11:42:47" hostname="Sams-MBP-6" time="18.141">
  <properties/>
  <testcase name="testSave()" classname="gui.ProductEditorDialogTest" time="18.141"/>
  <system-out><![CDATA[]]></system-out>
  <system-err><![CDATA[]]></system-err>
</testsuite>
